<?xml version="1.0" encoding="UTF-8"?>
<!-- Generated by org.testng.reporters.JUnitReportReporter -->
<testsuite hostname="LAPTOP-3N9MTLMM" failures="0" tests="2" name="sampleproject.smoke" time="0.005" errors="0" timestamp="2020-12-24T07:36:47 IST" skipped="0">
  <testcase classname="sampleproject.smoke" name="mainfuction" time="0.002"/>
  <system-out/>
  <testcase classname="sampleproject.smoke" name="smoketesting" time="0.003"/>
  <system-out/>
</testsuite> <!-- sampleproject.smoke -->
