<?xml version="1.0" encoding="UTF-8"?>
<!-- Generated by org.testng.reporters.JUnitReportReporter -->
<testsuite hostname="LAPTOP-3N9MTLMM" failures="0" tests="2" name="sampleproject.retesting" time="0.013" errors="0" timestamp="2020-12-24T07:36:47 IST" skipped="0">
  <testcase classname="sampleproject.retesting" name="failedtestcase" time="0.009"/>
  <system-out/>
  <testcase classname="sampleproject.retesting" name="retest" time="0.004"/>
  <system-out/>
</testsuite> <!-- sampleproject.retesting -->
