<?xml version="1.0" encoding="UTF-8"?>
<!-- Generated by org.testng.reporters.JUnitReportReporter -->
<testsuite hostname="LAPTOP-3N9MTLMM" failures="0" tests="2" name="sampleproject.samp" time="0.016" errors="0" timestamp="2020-12-24T07:57:04 IST" skipped="0">
  <testcase classname="sampleproject.samp" name="enterurl" time="0.002"/>
  <system-out/>
  <testcase classname="sampleproject.samp" name="enterlogin" time="0.014"/>
  <system-out/>
</testsuite> <!-- sampleproject.samp -->
